2014/02/24 20:05:13 [error] [exception.CHttpException.404] exception 'CHttpException' with message 'Невозможно обработать запрос "".' in D:\xampp\htdocs\favoraim.lab\framework\web\CUrlManager.php:374
Stack trace:
#0 D:\xampp\htdocs\favoraim.lab\framework\web\CWebApplication.php(140): CUrlManager->parseUrl(Object(CHttpRequest))
#1 D:\xampp\htdocs\favoraim.lab\framework\base\CApplication.php(180): CWebApplication->processRequest()
#2 D:\xampp\htdocs\favoraim.lab\index.php(13): CApplication->run()
#3 {main}
REQUEST_URI=/index.php?r=site/index
HTTP_REFERER=http://favoraim.lab/index.php?r=site/login
---
2014/02/24 20:05:18 [error] [exception.CHttpException.404] exception 'CHttpException' with message 'Невозможно обработать запрос "".' in D:\xampp\htdocs\favoraim.lab\framework\web\CUrlManager.php:374
Stack trace:
#0 D:\xampp\htdocs\favoraim.lab\framework\web\CWebApplication.php(140): CUrlManager->parseUrl(Object(CHttpRequest))
#1 D:\xampp\htdocs\favoraim.lab\framework\base\CApplication.php(180): CWebApplication->processRequest()
#2 D:\xampp\htdocs\favoraim.lab\index.php(13): CApplication->run()
#3 {main}
REQUEST_URI=/
---
2014/02/24 21:53:42 [error] [exception.CHttpException.404] exception 'CHttpException' with message 'Невозможно обработать запрос "js//css/bootstrap.css".' in D:\xampp\htdocs\favoraim.lab\framework\web\CWebApplication.php:286
Stack trace:
#0 D:\xampp\htdocs\favoraim.lab\framework\web\CWebApplication.php(141): CWebApplication->runController('js//css/bootstr...')
#1 D:\xampp\htdocs\favoraim.lab\framework\base\CApplication.php(180): CWebApplication->processRequest()
#2 D:\xampp\htdocs\favoraim.lab\index.php(13): CApplication->run()
#3 {main}
REQUEST_URI=/js//css/bootstrap.css
HTTP_REFERER=http://favoraim.lab/
---
2014/02/24 21:53:43 [error] [exception.CHttpException.404] exception 'CHttpException' with message 'Невозможно обработать запрос "js//css/bootstrap.min.css".' in D:\xampp\htdocs\favoraim.lab\framework\web\CWebApplication.php:286
Stack trace:
#0 D:\xampp\htdocs\favoraim.lab\framework\web\CWebApplication.php(141): CWebApplication->runController('js//css/bootstr...')
#1 D:\xampp\htdocs\favoraim.lab\framework\base\CApplication.php(180): CWebApplication->processRequest()
#2 D:\xampp\htdocs\favoraim.lab\index.php(13): CApplication->run()
#3 {main}
REQUEST_URI=/js//css/bootstrap.min.css
HTTP_REFERER=http://favoraim.lab/
---
2014/02/24 21:53:45 [error] [exception.CHttpException.404] exception 'CHttpException' with message 'Невозможно обработать запрос "js/bootstrap.min.js".' in D:\xampp\htdocs\favoraim.lab\framework\web\CWebApplication.php:286
Stack trace:
#0 D:\xampp\htdocs\favoraim.lab\framework\web\CWebApplication.php(141): CWebApplication->runController('js/bootstrap.mi...')
#1 D:\xampp\htdocs\favoraim.lab\framework\base\CApplication.php(180): CWebApplication->processRequest()
#2 D:\xampp\htdocs\favoraim.lab\index.php(13): CApplication->run()
#3 {main}
REQUEST_URI=/js/bootstrap.min.js
HTTP_REFERER=http://favoraim.lab/
---
2014/02/24 22:02:22 [error] [php] Undefined variable: cs (D:\xampp\htdocs\favoraim.lab\themes\bootstrap_311\views\layouts\main.php:24)
Stack trace:
#0 D:\xampp\htdocs\favoraim.lab\framework\web\widgets\CContentDecorator.php(76): SiteController->renderFile()
#1 D:\xampp\htdocs\favoraim.lab\framework\web\widgets\CContentDecorator.php(54): CContentDecorator->decorate()
#2 D:\xampp\htdocs\favoraim.lab\framework\web\widgets\COutputProcessor.php(44): CContentDecorator->processOutput()
#3 D:\xampp\htdocs\favoraim.lab\framework\web\CBaseController.php(206): CContentDecorator->run()
#4 D:\xampp\htdocs\favoraim.lab\framework\web\CBaseController.php(300): SiteController->endWidget()
#5 D:\xampp\htdocs\favoraim.lab\protected\views\layouts\column1.php(6): SiteController->endContent()
#6 D:\xampp\htdocs\favoraim.lab\framework\web\CBaseController.php(126): require()
#7 D:\xampp\htdocs\favoraim.lab\framework\web\CBaseController.php(95): SiteController->renderInternal()
#8 D:\xampp\htdocs\favoraim.lab\framework\web\CController.php(784): SiteController->renderFile()
#9 D:\xampp\htdocs\favoraim.lab\protected\controllers\SiteController.php(32): SiteController->render()
#10 D:\xampp\htdocs\favoraim.lab\framework\web\actions\CInlineAction.php(49): SiteController->actionIndex()
#11 D:\xampp\htdocs\favoraim.lab\framework\web\CController.php(308): CInlineAction->runWithParams()
#12 D:\xampp\htdocs\favoraim.lab\framework\web\CController.php(286): SiteController->runAction()
#13 D:\xampp\htdocs\favoraim.lab\framework\web\CController.php(265): SiteController->runActionWithFilters()
#14 D:\xampp\htdocs\favoraim.lab\framework\web\CWebApplication.php(282): SiteController->run()
#15 D:\xampp\htdocs\favoraim.lab\framework\web\CWebApplication.php(141): CWebApplication->runController()
#16 D:\xampp\htdocs\favoraim.lab\framework\base\CApplication.php(180): CWebApplication->processRequest()
#17 D:\xampp\htdocs\favoraim.lab\index.php(13): CWebApplication->run()
REQUEST_URI=/
in D:\xampp\htdocs\favoraim.lab\themes\bootstrap_311\views\layouts\main.php (24)
in D:\xampp\htdocs\favoraim.lab\protected\views\layouts\column1.php (6)
in D:\xampp\htdocs\favoraim.lab\protected\controllers\SiteController.php (32)
2014/02/24 22:03:26 [error] [exception.CHttpException.404] exception 'CHttpException' with message 'Невозможно обработать запрос "themes/bootstrap_311/js//themes/bootstrap_311/css/bootstrap.css".' in D:\xampp\htdocs\favoraim.lab\framework\web\CWebApplication.php:286
Stack trace:
#0 D:\xampp\htdocs\favoraim.lab\framework\web\CWebApplication.php(141): CWebApplication->runController('themes/bootstra...')
#1 D:\xampp\htdocs\favoraim.lab\framework\base\CApplication.php(180): CWebApplication->processRequest()
#2 D:\xampp\htdocs\favoraim.lab\index.php(13): CApplication->run()
#3 {main}
REQUEST_URI=/themes/bootstrap_311/js//themes/bootstrap_311/css/bootstrap.css
HTTP_REFERER=http://favoraim.lab/
---
2014/02/24 22:03:26 [error] [exception.CHttpException.404] exception 'CHttpException' with message 'Невозможно обработать запрос "themes/bootstrap_311/js//themes/bootstrap_311/css/bootstrap.min.css".' in D:\xampp\htdocs\favoraim.lab\framework\web\CWebApplication.php:286
Stack trace:
#0 D:\xampp\htdocs\favoraim.lab\framework\web\CWebApplication.php(141): CWebApplication->runController('themes/bootstra...')
#1 D:\xampp\htdocs\favoraim.lab\framework\base\CApplication.php(180): CWebApplication->processRequest()
#2 D:\xampp\htdocs\favoraim.lab\index.php(13): CApplication->run()
#3 {main}
REQUEST_URI=/themes/bootstrap_311/js//themes/bootstrap_311/css/bootstrap.min.css
HTTP_REFERER=http://favoraim.lab/
---
2014/02/24 22:05:08 [error] [exception.CHttpException.404] exception 'CHttpException' with message 'Невозможно обработать запрос "assets/9c5a3509//themes/bootstrap_311/css/bootstrap.css".' in D:\xampp\htdocs\favoraim.lab\framework\web\CWebApplication.php:286
Stack trace:
#0 D:\xampp\htdocs\favoraim.lab\framework\web\CWebApplication.php(141): CWebApplication->runController('assets/9c5a3509...')
#1 D:\xampp\htdocs\favoraim.lab\framework\base\CApplication.php(180): CWebApplication->processRequest()
#2 D:\xampp\htdocs\favoraim.lab\index.php(13): CApplication->run()
#3 {main}
REQUEST_URI=/assets/9c5a3509//themes/bootstrap_311/css/bootstrap.css
HTTP_REFERER=http://favoraim.lab/
---
2014/02/24 22:05:08 [error] [exception.CHttpException.404] exception 'CHttpException' with message 'Невозможно обработать запрос "assets/9c5a3509/bootstrap.min.js".' in D:\xampp\htdocs\favoraim.lab\framework\web\CWebApplication.php:286
Stack trace:
#0 D:\xampp\htdocs\favoraim.lab\framework\web\CWebApplication.php(141): CWebApplication->runController('assets/9c5a3509...')
#1 D:\xampp\htdocs\favoraim.lab\framework\base\CApplication.php(180): CWebApplication->processRequest()
#2 D:\xampp\htdocs\favoraim.lab\index.php(13): CApplication->run()
#3 {main}
REQUEST_URI=/assets/9c5a3509/bootstrap.min.js
HTTP_REFERER=http://favoraim.lab/
---
2014/02/24 22:05:09 [error] [exception.CHttpException.404] exception 'CHttpException' with message 'Невозможно обработать запрос "assets/9c5a3509//themes/bootstrap_311/css/bootstrap.min.css".' in D:\xampp\htdocs\favoraim.lab\framework\web\CWebApplication.php:286
Stack trace:
#0 D:\xampp\htdocs\favoraim.lab\framework\web\CWebApplication.php(141): CWebApplication->runController('assets/9c5a3509...')
#1 D:\xampp\htdocs\favoraim.lab\framework\base\CApplication.php(180): CWebApplication->processRequest()
#2 D:\xampp\htdocs\favoraim.lab\index.php(13): CApplication->run()
#3 {main}
REQUEST_URI=/assets/9c5a3509//themes/bootstrap_311/css/bootstrap.min.css
HTTP_REFERER=http://favoraim.lab/
---
2014/02/24 22:05:10 [error] [exception.CHttpException.404] exception 'CHttpException' with message 'Невозможно обработать запрос "assets/9c5a3509/bootstrap.min.js".' in D:\xampp\htdocs\favoraim.lab\framework\web\CWebApplication.php:286
Stack trace:
#0 D:\xampp\htdocs\favoraim.lab\framework\web\CWebApplication.php(141): CWebApplication->runController('assets/9c5a3509...')
#1 D:\xampp\htdocs\favoraim.lab\framework\base\CApplication.php(180): CWebApplication->processRequest()
#2 D:\xampp\htdocs\favoraim.lab\index.php(13): CApplication->run()
#3 {main}
REQUEST_URI=/assets/9c5a3509/bootstrap.min.js
HTTP_REFERER=http://favoraim.lab/
---
2014/02/24 22:06:14 [error] [exception.CHttpException.404] exception 'CHttpException' with message 'Невозможно обработать запрос "themes/bootstrap_311/js//themes/bootstrap_311/css/bootstrap.css".' in D:\xampp\htdocs\favoraim.lab\framework\web\CWebApplication.php:286
Stack trace:
#0 D:\xampp\htdocs\favoraim.lab\framework\web\CWebApplication.php(141): CWebApplication->runController('themes/bootstra...')
#1 D:\xampp\htdocs\favoraim.lab\framework\base\CApplication.php(180): CWebApplication->processRequest()
#2 D:\xampp\htdocs\favoraim.lab\index.php(13): CApplication->run()
#3 {main}
REQUEST_URI=/themes/bootstrap_311/js//themes/bootstrap_311/css/bootstrap.css
HTTP_REFERER=http://favoraim.lab/
---
2014/02/24 22:06:15 [error] [exception.CHttpException.404] exception 'CHttpException' with message 'Невозможно обработать запрос "themes/bootstrap_311/js//themes/bootstrap_311/css/bootstrap.min.css".' in D:\xampp\htdocs\favoraim.lab\framework\web\CWebApplication.php:286
Stack trace:
#0 D:\xampp\htdocs\favoraim.lab\framework\web\CWebApplication.php(141): CWebApplication->runController('themes/bootstra...')
#1 D:\xampp\htdocs\favoraim.lab\framework\base\CApplication.php(180): CWebApplication->processRequest()
#2 D:\xampp\htdocs\favoraim.lab\index.php(13): CApplication->run()
#3 {main}
REQUEST_URI=/themes/bootstrap_311/js//themes/bootstrap_311/css/bootstrap.min.css
HTTP_REFERER=http://favoraim.lab/
---
2014/02/24 22:23:39 [error] [exception.CHttpException.404] exception 'CHttpException' with message 'Невозможно обработать запрос "favicon.ico".' in D:\xampp\htdocs\favoraim.lab\framework\web\CWebApplication.php:286
Stack trace:
#0 D:\xampp\htdocs\favoraim.lab\framework\web\CWebApplication.php(141): CWebApplication->runController('favicon.ico')
#1 D:\xampp\htdocs\favoraim.lab\framework\base\CApplication.php(180): CWebApplication->processRequest()
#2 D:\xampp\htdocs\favoraim.lab\index.php(13): CApplication->run()
#3 {main}
REQUEST_URI=/favicon.ico
---
2014/02/24 22:28:19 [error] [exception.CHttpException.404] exception 'CHttpException' with message 'Невозможно обработать запрос "favicon.ico".' in D:\xampp\htdocs\favoraim.lab\framework\web\CWebApplication.php:286
Stack trace:
#0 D:\xampp\htdocs\favoraim.lab\framework\web\CWebApplication.php(141): CWebApplication->runController('favicon.ico')
#1 D:\xampp\htdocs\favoraim.lab\framework\base\CApplication.php(180): CWebApplication->processRequest()
#2 D:\xampp\htdocs\favoraim.lab\index.php(13): CApplication->run()
#3 {main}
REQUEST_URI=/favicon.ico
---
2014/02/24 22:28:19 [error] [exception.CHttpException.404] exception 'CHttpException' with message 'Невозможно обработать запрос "favicon.ico".' in D:\xampp\htdocs\favoraim.lab\framework\web\CWebApplication.php:286
Stack trace:
#0 D:\xampp\htdocs\favoraim.lab\framework\web\CWebApplication.php(141): CWebApplication->runController('favicon.ico')
#1 D:\xampp\htdocs\favoraim.lab\framework\base\CApplication.php(180): CWebApplication->processRequest()
#2 D:\xampp\htdocs\favoraim.lab\index.php(13): CApplication->run()
#3 {main}
REQUEST_URI=/favicon.ico
---
2014/02/26 18:54:37 [error] [exception.CHttpException.404] exception 'CHttpException' with message 'Невозможно обработать запрос "favicon.ico".' in D:\xampp\htdocs\favoraim.lab\framework\web\CWebApplication.php:286
Stack trace:
#0 D:\xampp\htdocs\favoraim.lab\framework\web\CWebApplication.php(141): CWebApplication->runController('favicon.ico')
#1 D:\xampp\htdocs\favoraim.lab\framework\base\CApplication.php(180): CWebApplication->processRequest()
#2 D:\xampp\htdocs\favoraim.lab\index.php(13): CApplication->run()
#3 {main}
REQUEST_URI=/favicon.ico
---
2014/02/27 00:21:04 [error] [exception.CHttpException.404] exception 'CHttpException' with message 'Невозможно обработать запрос "img/avatar1_small.jpg".' in D:\xampp\htdocs\favoraim.lab\framework\web\CWebApplication.php:286
Stack trace:
#0 D:\xampp\htdocs\favoraim.lab\framework\web\CWebApplication.php(141): CWebApplication->runController('img/avatar1_sma...')
#1 D:\xampp\htdocs\favoraim.lab\framework\base\CApplication.php(180): CWebApplication->processRequest()
#2 D:\xampp\htdocs\favoraim.lab\index.php(13): CApplication->run()
#3 {main}
REQUEST_URI=/img/avatar1_small.jpg
HTTP_REFERER=http://favoraim.lab/
---
2014/02/27 00:42:29 [error] [exception.CHttpException.404] exception 'CHttpException' with message 'Невозможно обработать запрос "buttons.html".' in D:\xampp\htdocs\favoraim.lab\framework\web\CWebApplication.php:286
Stack trace:
#0 D:\xampp\htdocs\favoraim.lab\framework\web\CWebApplication.php(141): CWebApplication->runController('buttons.html')
#1 D:\xampp\htdocs\favoraim.lab\framework\base\CApplication.php(180): CWebApplication->processRequest()
#2 D:\xampp\htdocs\favoraim.lab\index.php(13): CApplication->run()
#3 {main}
REQUEST_URI=/buttons.html
HTTP_REFERER=http://favoraim.lab/
---
2014/02/27 00:42:52 [error] [exception.CHttpException.404] exception 'CHttpException' with message 'Невозможно обработать запрос "buttons.html".' in D:\xampp\htdocs\favoraim.lab\framework\web\CWebApplication.php:286
Stack trace:
#0 D:\xampp\htdocs\favoraim.lab\framework\web\CWebApplication.php(141): CWebApplication->runController('buttons.html')
#1 D:\xampp\htdocs\favoraim.lab\framework\base\CApplication.php(180): CWebApplication->processRequest()
#2 D:\xampp\htdocs\favoraim.lab\index.php(13): CApplication->run()
#3 {main}
REQUEST_URI=/buttons.html
HTTP_REFERER=http://favoraim.lab/
---
2014/02/27 00:42:55 [error] [exception.CHttpException.404] exception 'CHttpException' with message 'Невозможно обработать запрос "buttons.html".' in D:\xampp\htdocs\favoraim.lab\framework\web\CWebApplication.php:286
Stack trace:
#0 D:\xampp\htdocs\favoraim.lab\framework\web\CWebApplication.php(141): CWebApplication->runController('buttons.html')
#1 D:\xampp\htdocs\favoraim.lab\framework\base\CApplication.php(180): CWebApplication->processRequest()
#2 D:\xampp\htdocs\favoraim.lab\index.php(13): CApplication->run()
#3 {main}
REQUEST_URI=/buttons.html
HTTP_REFERER=http://favoraim.lab/
---
2014/02/27 00:43:14 [error] [exception.CHttpException.404] exception 'CHttpException' with message 'Невозможно обработать запрос "buttons.html".' in D:\xampp\htdocs\favoraim.lab\framework\web\CWebApplication.php:286
Stack trace:
#0 D:\xampp\htdocs\favoraim.lab\framework\web\CWebApplication.php(141): CWebApplication->runController('buttons.html')
#1 D:\xampp\htdocs\favoraim.lab\framework\base\CApplication.php(180): CWebApplication->processRequest()
#2 D:\xampp\htdocs\favoraim.lab\index.php(13): CApplication->run()
#3 {main}
REQUEST_URI=/buttons.html
HTTP_REFERER=http://favoraim.lab/
---
2014/02/27 00:44:23 [error] [exception.CHttpException.404] exception 'CHttpException' with message 'Невозможно обработать запрос "buttons.html".' in D:\xampp\htdocs\favoraim.lab\framework\web\CWebApplication.php:286
Stack trace:
#0 D:\xampp\htdocs\favoraim.lab\framework\web\CWebApplication.php(141): CWebApplication->runController('buttons.html')
#1 D:\xampp\htdocs\favoraim.lab\framework\base\CApplication.php(180): CWebApplication->processRequest()
#2 D:\xampp\htdocs\favoraim.lab\index.php(13): CApplication->run()
#3 {main}
REQUEST_URI=/buttons.html
HTTP_REFERER=http://favoraim.lab/
---
2014/02/27 00:45:01 [error] [exception.CHttpException.404] exception 'CHttpException' with message 'Невозможно обработать запрос "buttons.html".' in D:\xampp\htdocs\favoraim.lab\framework\web\CWebApplication.php:286
Stack trace:
#0 D:\xampp\htdocs\favoraim.lab\framework\web\CWebApplication.php(141): CWebApplication->runController('buttons.html')
#1 D:\xampp\htdocs\favoraim.lab\framework\base\CApplication.php(180): CWebApplication->processRequest()
#2 D:\xampp\htdocs\favoraim.lab\index.php(13): CApplication->run()
#3 {main}
REQUEST_URI=/buttons.html
HTTP_REFERER=http://favoraim.lab/
---
2014/02/27 00:45:24 [error] [exception.CHttpException.404] exception 'CHttpException' with message 'Невозможно обработать запрос "buttons.html".' in D:\xampp\htdocs\favoraim.lab\framework\web\CWebApplication.php:286
Stack trace:
#0 D:\xampp\htdocs\favoraim.lab\framework\web\CWebApplication.php(141): CWebApplication->runController('buttons.html')
#1 D:\xampp\htdocs\favoraim.lab\framework\base\CApplication.php(180): CWebApplication->processRequest()
#2 D:\xampp\htdocs\favoraim.lab\index.php(13): CApplication->run()
#3 {main}
REQUEST_URI=/buttons.html
HTTP_REFERER=http://favoraim.lab/
---
2014/02/27 00:48:33 [error] [exception.CHttpException.404] exception 'CHttpException' with message 'Невозможно обработать запрос "buttons.html".' in D:\xampp\htdocs\favoraim.lab\framework\web\CWebApplication.php:286
Stack trace:
#0 D:\xampp\htdocs\favoraim.lab\framework\web\CWebApplication.php(141): CWebApplication->runController('buttons.html')
#1 D:\xampp\htdocs\favoraim.lab\framework\base\CApplication.php(180): CWebApplication->processRequest()
#2 D:\xampp\htdocs\favoraim.lab\index.php(13): CApplication->run()
#3 {main}
REQUEST_URI=/buttons.html
HTTP_REFERER=http://favoraim.lab/
---
2014/02/27 00:52:04 [error] [exception.CHttpException.404] exception 'CHttpException' with message 'Невозможно обработать запрос "buttons.html".' in D:\xampp\htdocs\favoraim.lab\framework\web\CWebApplication.php:286
Stack trace:
#0 D:\xampp\htdocs\favoraim.lab\framework\web\CWebApplication.php(141): CWebApplication->runController('buttons.html')
#1 D:\xampp\htdocs\favoraim.lab\framework\base\CApplication.php(180): CWebApplication->processRequest()
#2 D:\xampp\htdocs\favoraim.lab\index.php(13): CApplication->run()
#3 {main}
REQUEST_URI=/buttons.html
HTTP_REFERER=http://favoraim.lab/
---
2014/02/27 00:52:33 [error] [exception.CHttpException.404] exception 'CHttpException' with message 'Невозможно обработать запрос "buttons.html".' in D:\xampp\htdocs\favoraim.lab\framework\web\CWebApplication.php:286
Stack trace:
#0 D:\xampp\htdocs\favoraim.lab\framework\web\CWebApplication.php(141): CWebApplication->runController('buttons.html')
#1 D:\xampp\htdocs\favoraim.lab\framework\base\CApplication.php(180): CWebApplication->processRequest()
#2 D:\xampp\htdocs\favoraim.lab\index.php(13): CApplication->run()
#3 {main}
REQUEST_URI=/buttons.html
HTTP_REFERER=http://favoraim.lab/
---
2014/02/27 00:52:56 [error] [exception.CHttpException.404] exception 'CHttpException' with message 'Невозможно обработать запрос "buttons.html".' in D:\xampp\htdocs\favoraim.lab\framework\web\CWebApplication.php:286
Stack trace:
#0 D:\xampp\htdocs\favoraim.lab\framework\web\CWebApplication.php(141): CWebApplication->runController('buttons.html')
#1 D:\xampp\htdocs\favoraim.lab\framework\base\CApplication.php(180): CWebApplication->processRequest()
#2 D:\xampp\htdocs\favoraim.lab\index.php(13): CApplication->run()
#3 {main}
REQUEST_URI=/buttons.html
HTTP_REFERER=http://favoraim.lab/
---
2014/02/27 02:04:06 [error] [exception.CHttpException.404] exception 'CHttpException' with message 'Невозможно обработать запрос "themes/bootstrap_311/img/search-icon.jpg".' in D:\xampp\htdocs\favoraim.lab\framework\web\CWebApplication.php:286
Stack trace:
#0 D:\xampp\htdocs\favoraim.lab\framework\web\CWebApplication.php(141): CWebApplication->runController('themes/bootstra...')
#1 D:\xampp\htdocs\favoraim.lab\framework\base\CApplication.php(180): CWebApplication->processRequest()
#2 D:\xampp\htdocs\favoraim.lab\index.php(13): CApplication->run()
#3 {main}
REQUEST_URI=/themes/bootstrap_311/img/search-icon.jpg
HTTP_REFERER=http://favoraim.lab/themes/bootstrap_311/css/bootstrap-theme.css
---
